<?xml version="1.0" encoding="UTF-8"?>
<!-- Generated by org.testng.reporters.JUnitReportReporter -->
<testsuite hostname="LAPTOP-A0DEP6HU" failures="0" tests="1" name="com.qa.tests.HomeTests" time="58.302" errors="0" timestamp="2022-10-13T15:15:45 IST" skipped="0">
  <testcase classname="com.qa.tests.HomeTests" name="Hometesting" time="58.302"/>
  <system-out/>
</testsuite> <!-- com.qa.tests.HomeTests -->
